<?xml version="1.0" encoding="UTF-8"?>
<testng-results skipped="0" failed="0" ignored="0" total="1" passed="1">
  <reporter-output>
  </reporter-output>
  <suite name="Default suite" duration-ms="691" started-at="2018-10-09T06:24:09Z" finished-at="2018-10-09T06:24:09Z">
    <groups>
    </groups>
    <test name="Default test" duration-ms="691" started-at="2018-10-09T06:24:09Z" finished-at="2018-10-09T06:24:09Z">
      <class name="qaclickacademy.ExcelDrivenTest">
        <test-method status="PASS" signature="ReadData()[pri:0, instance:qaclickacademy.ExcelDrivenTest@ae45eb6]" name="ReadData" duration-ms="654" started-at="2018-10-09T06:24:09Z" finished-at="2018-10-09T06:24:09Z">
          <reporter-output>
          </reporter-output>
        </test-method> <!-- ReadData -->
      </class> <!-- qaclickacademy.ExcelDrivenTest -->
    </test> <!-- Default test -->
  </suite> <!-- Default suite -->
</testng-results>
