<?xml version="1.0" encoding="UTF-8"?>
<testng-results skipped="0" failed="0" ignored="0" total="1" passed="1">
  <reporter-output>
  </reporter-output>
  <suite name="Default suite" duration-ms="10597" started-at="2018-10-08T16:59:36Z" finished-at="2018-10-08T16:59:47Z">
    <groups>
    </groups>
    <test name="Default test" duration-ms="10597" started-at="2018-10-08T16:59:36Z" finished-at="2018-10-08T16:59:47Z">
      <class name="qaclickacademy.GmailLoginTest">
        <test-method status="PASS" signature="GmailLogin()[pri:0, instance:qaclickacademy.GmailLoginTest@4b9e13df]" name="GmailLogin" duration-ms="10569" started-at="2018-10-08T16:59:36Z" finished-at="2018-10-08T16:59:47Z">
          <reporter-output>
          </reporter-output>
        </test-method> <!-- GmailLogin -->
      </class> <!-- qaclickacademy.GmailLoginTest -->
    </test> <!-- Default test -->
  </suite> <!-- Default suite -->
</testng-results>
